<?xml version="1.0" encoding="UTF-8"?>
<!-- Generated by org.testng.reporters.JUnitReportReporter -->
<testsuite hostname="TYSS-Chaithra" failures="0" tests="1" name="Parameters.QueryParameter" time="2.099" errors="0" timestamp="2022-07-08T16:12:27 IST" skipped="0">
  <testcase classname="Parameters.QueryParameter" name="queryP" time="2.099"/>
  <system-out/>
</testsuite> <!-- Parameters.QueryParameter -->
