<?xml version="1.0" encoding="UTF-8"?>
<!-- Generated by org.testng.reporters.JUnitReportReporter -->
<testsuite hostname="TYSS-Chaithra" failures="0" tests="1" name="CRUDOperationsWithBDD.GetSingleProjectTest" time="1.524" errors="0" timestamp="07 Jul 2022 10:40:37 GMT" skipped="0">
  <testcase classname="CRUDOperationsWithBDD.GetSingleProjectTest" name="getSingleProject" time="1.524"/>
</testsuite> <!-- CRUDOperationsWithBDD.GetSingleProjectTest -->
