<?xml version="1.0" encoding="UTF-8"?>
<!-- Generated by org.testng.reporters.JUnitReportReporter -->
<testsuite hostname="TYSS-Chaithra" failures="0" tests="1" name="DifferentwaysToPOST.CreateProjectUsingJSONFile" time="1.528" errors="0" timestamp="2022-07-08T16:06:05 IST" skipped="0">
  <testcase classname="DifferentwaysToPOST.CreateProjectUsingJSONFile" name="createP" time="1.528"/>
  <system-out/>
</testsuite> <!-- DifferentwaysToPOST.CreateProjectUsingJSONFile -->
