<?xml version="1.0" encoding="UTF-8"?>
<!-- Generated by org.testng.reporters.JUnitReportReporter -->
<testsuite hostname="DESKTOP-HFS0OVC" failures="0" tests="1" name="Rmg_Api.UpdateProjectTest" time="0.051" errors="0" timestamp="2022-08-22T13:15:36 IST" skipped="0">
  <testcase classname="Rmg_Api.UpdateProjectTest" name="updateProject" time="0.051"/>
  <system-out/>
</testsuite> <!-- Rmg_Api.UpdateProjectTest -->
