<?xml version="1.0" encoding="UTF-8"?>
<!-- Generated by org.testng.reporters.JUnitReportReporter -->
<testsuite hostname="TYSS-Chaithra" failures="0" tests="1" name="RequestChaining.CreateGetDelete" time="2.380" errors="0" timestamp="2022-07-11T11:54:36 IST" skipped="0">
  <testcase classname="RequestChaining.CreateGetDelete" name="createGetDeleteTest" time="2.380"/>
  <system-out>
    <![CDATA[TY_PROJ_7210]]>
  </system-out>
</testsuite> <!-- RequestChaining.CreateGetDelete -->
