<?xml version="1.0" encoding="UTF-8"?>
<!-- Generated by org.testng.reporters.JUnitReportReporter -->
<testsuite hostname="TYSS-Chaithra" failures="0" tests="1" name="DifferentwaysToPOST.CreateProjectUsingHashmap" time="1.753" errors="0" timestamp="2022-07-07T17:27:05 IST" skipped="0">
  <testcase classname="DifferentwaysToPOST.CreateProjectUsingHashmap" name="createP" time="1.753"/>
  <system-out/>
</testsuite> <!-- DifferentwaysToPOST.CreateProjectUsingHashmap -->
