<?xml version="1.0" encoding="UTF-8"?>
<!-- Generated by org.testng.reporters.JUnitReportReporter -->
<testsuite hostname="TYSS-Chaithra" failures="0" tests="1" name="CRUDOperationsWithBDD.UpdateProjectTest" time="1.617" errors="0" timestamp="07 Jul 2022 10:37:55 GMT" skipped="0">
  <testcase classname="CRUDOperationsWithBDD.UpdateProjectTest" name="updateProject" time="1.617"/>
</testsuite> <!-- CRUDOperationsWithBDD.UpdateProjectTest -->
