<?xml version="1.0" encoding="UTF-8"?>
<!-- Generated by org.testng.reporters.JUnitReportReporter -->
<testsuite hostname="TYSS-Chaithra" failures="0" tests="1" name="CRUDOperationsWithBDD.DeleteProjectTest" time="1.288" errors="0" timestamp="07 Jul 2022 10:42:48 GMT" skipped="0">
  <testcase classname="CRUDOperationsWithBDD.DeleteProjectTest" name="deleteP" time="1.288"/>
</testsuite> <!-- CRUDOperationsWithBDD.DeleteProjectTest -->
