<?xml version="1.0" encoding="UTF-8"?>
<!-- Generated by org.testng.reporters.JUnitReportReporter -->
<testsuite hostname="TYSS-Chaithra" failures="0" tests="1" name="CRUDOperationsWithoutBDD.GetAllProjects" time="1.569" errors="0" timestamp="2022-07-08T12:13:42 IST" skipped="0">
  <testcase classname="CRUDOperationsWithoutBDD.GetAllProjects" name="getAllProjects" time="1.569"/>
  <system-out/>
</testsuite> <!-- CRUDOperationsWithoutBDD.GetAllProjects -->
