<?xml version="1.0" encoding="UTF-8"?>
<!-- Generated by org.testng.reporters.JUnitReportReporter -->
<testsuite hostname="TYSS-Chaithra" failures="0" tests="1" name="EndToEndScenario.CreateProjectGetAndVerifyInDB" time="1.561" errors="0" timestamp="2022-07-11T17:12:15 IST" skipped="0">
  <testcase classname="EndToEndScenario.CreateProjectGetAndVerifyInDB" name="createP" time="1.561"/>
  <system-out/>
</testsuite> <!-- EndToEndScenario.CreateProjectGetAndVerifyInDB -->
