<?xml version="1.0" encoding="UTF-8"?>
<!-- Generated by org.testng.reporters.JUnitReportReporter -->
<testsuite hostname="TYSS-Chaithra" failures="0" tests="1" name="Authentications.BearerToken" time="2.729" errors="0" timestamp="2022-07-11T12:35:25 IST" skipped="0">
  <testcase classname="Authentications.BearerToken" name="bearerTokenTest" time="2.729"/>
  <system-out/>
</testsuite> <!-- Authentications.BearerToken -->
