<?xml version="1.0" encoding="UTF-8"?>
<!-- Generated by org.testng.reporters.JUnitReportReporter -->
<testsuite hostname="TYSS-Chaithra" failures="0" tests="1" name="CRUDOperationsWithoutBDD.CreateProjectTest" time="1.151" errors="0" timestamp="07 Jul 2022 06:59:54 GMT" skipped="0">
  <testcase classname="CRUDOperationsWithoutBDD.CreateProjectTest" name="createProjectTest" time="1.151"/>
</testsuite> <!-- CRUDOperationsWithoutBDD.CreateProjectTest -->
