<?xml version="1.0" encoding="UTF-8"?>
<!-- Generated by org.testng.reporters.JUnitReportReporter -->
<testsuite hostname="TYSS-Chaithra" failures="0" tests="1" name="DifferentwaysToPOST.CreateProjectUsingPOJO" time="1.616" errors="0" timestamp="2022-07-08T11:12:56 IST" skipped="0">
  <testcase classname="DifferentwaysToPOST.CreateProjectUsingPOJO" name="createP" time="1.616"/>
  <system-out/>
</testsuite> <!-- DifferentwaysToPOST.CreateProjectUsingPOJO -->
