<?xml version="1.0" encoding="UTF-8"?>
<!-- Generated by org.testng.reporters.JUnitReportReporter -->
<testsuite hostname="TYSS-Chaithra" failures="0" tests="1" name="ResponseValidation.StaticResponseValidation" time="2.178" errors="0" timestamp="2022-07-08T12:43:28 IST" skipped="0">
  <testcase classname="ResponseValidation.StaticResponseValidation" name="staticReponseV" time="2.178"/>
  <system-out/>
</testsuite> <!-- ResponseValidation.StaticResponseValidation -->
