<?xml version="1.0" encoding="UTF-8"?>
<!-- Generated by org.testng.reporters.JUnitReportReporter -->
<testsuite hostname="TYSS-Chaithra" failures="0" tests="1" name="Authentications.BasicAuth" time="1.186" errors="0" timestamp="2022-07-11T12:13:53 IST" skipped="0">
  <testcase classname="Authentications.BasicAuth" name="premtiveAuthTest" time="1.186"/>
  <system-out/>
</testsuite> <!-- Authentications.BasicAuth -->
