<?xml version="1.0" encoding="UTF-8"?>
<!-- Generated by org.testng.reporters.JUnitReportReporter -->
<testsuite hostname="TYSS-Chaithra" failures="0" tests="1" name="CRUDOperationsWithBDD.CreateProjectTest" time="1.905" errors="0" timestamp="2022-07-07T16:30:11 IST" skipped="0">
  <testcase classname="CRUDOperationsWithBDD.CreateProjectTest" name="createProject" time="1.905"/>
  <system-out/>
</testsuite> <!-- CRUDOperationsWithBDD.CreateProjectTest -->
