<?xml version="1.0" encoding="UTF-8"?>
<!-- Generated by org.testng.reporters.JUnitReportReporter -->
<testsuite hostname="TYSS-Chaithra" failures="0" tests="1" name="Authentications.Oauth2Test" time="2.360" errors="0" timestamp="2022-07-11T13:32:04 IST" skipped="0">
  <testcase classname="Authentications.Oauth2Test" name="oauth2Test" time="2.360"/>
  <system-out>
    <![CDATA[7b17d50f0522f03d740f65529809957e49377937]]>
  </system-out>
</testsuite> <!-- Authentications.Oauth2Test -->
