<?xml version="1.0" encoding="UTF-8"?>
<!-- Generated by org.testng.reporters.JUnitReportReporter -->
<testsuite hostname="TYSS-Chaithra" failures="0" tests="1" name="ResponseValidation.ResponseTimeValidation" time="1.395" errors="0" timestamp="2022-07-08T15:27:52 IST" skipped="0">
  <testcase classname="ResponseValidation.ResponseTimeValidation" name="responseTimeValidation" time="1.395"/>
  <system-out/>
</testsuite> <!-- ResponseValidation.ResponseTimeValidation -->
