<?xml version="1.0" encoding="UTF-8"?>
<!-- Generated by org.testng.reporters.JUnitReportReporter -->
<testsuite hostname="DESKTOP-HFS0OVC" failures="0" tests="1" name="Rmg_Api.CreateProjectTest" time="0.127" errors="0" timestamp="2022-08-22T13:15:36 IST" skipped="0">
  <testcase classname="Rmg_Api.CreateProjectTest" name="createProjectTest" time="0.127"/>
  <system-out/>
</testsuite> <!-- Rmg_Api.CreateProjectTest -->
